[Sun Apr 19 18:37:46 SAST 2026] 💓 HEARTBEAT: Hermes Autonomous Mode is healthy
[Sun Apr 19 18:37:46 SAST 2026] 🔄 STARTING AUTONOMOUS DEVELOPMENT CYCLE
[Sun Apr 19 18:37:46 SAST 2026] 📋 Reviewing Roadmap and Todo List...
/home/ubuntu/human-ai/hermes-autonomous.sh: line 76: /home/ubuntu/human-ai/venv/bin/python3: No such file or directory
[Sun Apr 19 18:37:46 SAST 2026] 🔍 Checking for pending tasks...
[Sun Apr 19 18:37:46 SAST 2026]    Found 0 pending tasks
[Sun Apr 19 18:37:46 SAST 2026] ✅ No pending tasks - performing self-improvement activities
[Sun Apr 19 18:37:46 SAST 2026] 🔧 Performing self-improvement log analysis...
[Sun Apr 19 18:37:46 SAST 2026]    Self-improvement analysis completed
[Sun Apr 19 18:37:46 SAST 2026] 📝 Updating autonomous records...
[Sun Apr 19 18:37:55 SAST 2026] 💓 HEARTBEAT: Hermes Autonomous Mode is healthy
[Sun Apr 19 18:37:55 SAST 2026] 🔄 STARTING AUTONOMOUS DEVELOPMENT CYCLE
[Sun Apr 19 18:37:55 SAST 2026] 📋 Reviewing Roadmap and Todo List...
/home/ubuntu/human-ai/hermes-autonomous.sh: line 76: /home/ubuntu/human-ai/venv/bin/python3: No such file or directory
[Sun Apr 19 18:37:55 SAST 2026] 🔍 Checking for pending tasks...
[Sun Apr 19 18:37:55 SAST 2026]    Found 0 pending tasks
[Sun Apr 19 18:37:55 SAST 2026] ✅ No pending tasks - performing self-improvement activities
[Sun Apr 19 18:37:55 SAST 2026] 🔧 Performing self-improvement log analysis...
[Sun Apr 19 18:37:55 SAST 2026]    Self-improvement analysis completed
[Sun Apr 19 18:37:55 SAST 2026] 📝 Updating autonomous records...
[Sun Apr 19 18:42:46 SAST 2026] 💓 HEARTBEAT: Hermes Autonomous Mode is healthy
[Sun Apr 19 18:42:55 SAST 2026] 💓 HEARTBEAT: Hermes Autonomous Mode is healthy
[Sun Apr 19 18:47:46 SAST 2026] 💓 HEARTBEAT: Hermes Autonomous Mode is healthy
[Sun Apr 19 18:47:55 SAST 2026] 💓 HEARTBEAT: Hermes Autonomous Mode is healthy
[Sun Apr 19 18:52:46 SAST 2026] 💓 HEARTBEAT: Hermes Autonomous Mode is healthy
[Sun Apr 19 18:52:46 SAST 2026] 🔄 STARTING AUTONOMOUS DEVELOPMENT CYCLE
[Sun Apr 19 18:52:46 SAST 2026] 📋 Reviewing Roadmap and Todo List...
/home/ubuntu/human-ai/hermes-autonomous.sh: line 76: /home/ubuntu/human-ai/venv/bin/python3: No such file or directory
[Sun Apr 19 18:52:46 SAST 2026] 🔍 Checking for pending tasks...
[Sun Apr 19 18:52:46 SAST 2026]    Found 0 pending tasks
[Sun Apr 19 18:52:46 SAST 2026] ✅ No pending tasks - performing self-improvement activities
[Sun Apr 19 18:52:46 SAST 2026] 🔧 Performing self-improvement log analysis...
[Sun Apr 19 18:52:46 SAST 2026]    Self-improvement analysis completed
[Sun Apr 19 18:52:46 SAST 2026] 📝 Updating autonomous records...
[Sun Apr 19 18:52:55 SAST 2026] 💓 HEARTBEAT: Hermes Autonomous Mode is healthy
[Sun Apr 19 18:52:55 SAST 2026] 🔄 STARTING AUTONOMOUS DEVELOPMENT CYCLE
[Sun Apr 19 18:52:55 SAST 2026] 📋 Reviewing Roadmap and Todo List...
/home/ubuntu/human-ai/hermes-autonomous.sh: line 76: /home/ubuntu/human-ai/venv/bin/python3: No such file or directory
[Sun Apr 19 18:52:55 SAST 2026] 🔍 Checking for pending tasks...
[Sun Apr 19 18:52:55 SAST 2026]    Found 0 pending tasks
[Sun Apr 19 18:52:55 SAST 2026] ✅ No pending tasks - performing self-improvement activities
[Sun Apr 19 18:52:55 SAST 2026] 🔧 Performing self-improvement log analysis...
[Sun Apr 19 18:52:55 SAST 2026]    Self-improvement analysis completed
[Sun Apr 19 18:52:55 SAST 2026] 📝 Updating autonomous records...
[Sun Apr 19 18:57:46 SAST 2026] 💓 HEARTBEAT: Hermes Autonomous Mode is healthy
[Sun Apr 19 18:57:55 SAST 2026] 💓 HEARTBEAT: Hermes Autonomous Mode is healthy
[Sun Apr 19 19:02:46 SAST 2026] 💓 HEARTBEAT: Hermes Autonomous Mode is healthy
[Sun Apr 19 19:02:55 SAST 2026] 💓 HEARTBEAT: Hermes Autonomous Mode is healthy
[Sun Apr 19 19:07:46 SAST 2026] 💓 HEARTBEAT: Hermes Autonomous Mode is healthy
[Sun Apr 19 19:07:46 SAST 2026] 🔄 STARTING AUTONOMOUS DEVELOPMENT CYCLE
[Sun Apr 19 19:07:46 SAST 2026] 📋 Reviewing Roadmap and Todo List...
/home/ubuntu/human-ai/hermes-autonomous.sh: line 76: /home/ubuntu/human-ai/venv/bin/python3: No such file or directory
[Sun Apr 19 19:07:46 SAST 2026] 🔍 Checking for pending tasks...
[Sun Apr 19 19:07:46 SAST 2026]    Found 0 pending tasks
[Sun Apr 19 19:07:46 SAST 2026] ✅ No pending tasks - performing self-improvement activities
[Sun Apr 19 19:07:46 SAST 2026] 🔧 Performing self-improvement log analysis...
[Sun Apr 19 19:07:46 SAST 2026]    Self-improvement analysis completed
[Sun Apr 19 19:07:46 SAST 2026] 📝 Updating autonomous records...
[Sun Apr 19 19:07:55 SAST 2026] 💓 HEARTBEAT: Hermes Autonomous Mode is healthy
[Sun Apr 19 19:07:55 SAST 2026] 🔄 STARTING AUTONOMOUS DEVELOPMENT CYCLE
[Sun Apr 19 19:07:55 SAST 2026] 📋 Reviewing Roadmap and Todo List...
/home/ubuntu/human-ai/hermes-autonomous.sh: line 76: /home/ubuntu/human-ai/venv/bin/python3: No such file or directory
[Sun Apr 19 19:07:55 SAST 2026] 🔍 Checking for pending tasks...
[Sun Apr 19 19:07:55 SAST 2026]    Found 0 pending tasks
[Sun Apr 19 19:07:55 SAST 2026] ✅ No pending tasks - performing self-improvement activities
[Sun Apr 19 19:07:55 SAST 2026] 🔧 Performing self-improvement log analysis...
[Sun Apr 19 19:07:55 SAST 2026]    Self-improvement analysis completed
[Sun Apr 19 19:07:55 SAST 2026] 📝 Updating autonomous records...
[Sun Apr 19 19:12:46 SAST 2026] 💓 HEARTBEAT: Hermes Autonomous Mode is healthy
[Sun Apr 19 19:12:55 SAST 2026] 💓 HEARTBEAT: Hermes Autonomous Mode is healthy
[Sun Apr 19 19:17:47 SAST 2026] 💓 HEARTBEAT: Hermes Autonomous Mode is healthy
[Sun Apr 19 19:17:55 SAST 2026] 💓 HEARTBEAT: Hermes Autonomous Mode is healthy
[Sun Apr 19 19:22:47 SAST 2026] 💓 HEARTBEAT: Hermes Autonomous Mode is healthy
[Sun Apr 19 19:22:47 SAST 2026] 🔄 STARTING AUTONOMOUS DEVELOPMENT CYCLE
[Sun Apr 19 19:22:47 SAST 2026] 📋 Reviewing Roadmap and Todo List...
/home/ubuntu/human-ai/hermes-autonomous.sh: line 76: /home/ubuntu/human-ai/venv/bin/python3: No such file or directory
[Sun Apr 19 19:22:47 SAST 2026] 🔍 Checking for pending tasks...
[Sun Apr 19 19:22:47 SAST 2026]    Found 0 pending tasks
[Sun Apr 19 19:22:47 SAST 2026] ✅ No pending tasks - performing self-improvement activities
[Sun Apr 19 19:22:47 SAST 2026] 🔧 Performing self-improvement log analysis...
[Sun Apr 19 19:22:47 SAST 2026]    Self-improvement analysis completed
[Sun Apr 19 19:22:47 SAST 2026] 📝 Updating autonomous records...
[Sun Apr 19 19:22:55 SAST 2026] 💓 HEARTBEAT: Hermes Autonomous Mode is healthy
[Sun Apr 19 19:22:55 SAST 2026] 🔄 STARTING AUTONOMOUS DEVELOPMENT CYCLE
[Sun Apr 19 19:22:55 SAST 2026] 📋 Reviewing Roadmap and Todo List...
/home/ubuntu/human-ai/hermes-autonomous.sh: line 76: /home/ubuntu/human-ai/venv/bin/python3: No such file or directory
[Sun Apr 19 19:22:55 SAST 2026] 🔍 Checking for pending tasks...
[Sun Apr 19 19:22:55 SAST 2026]    Found 0 pending tasks
[Sun Apr 19 19:22:55 SAST 2026] ✅ No pending tasks - performing self-improvement activities
[Sun Apr 19 19:22:55 SAST 2026] 🔧 Performing self-improvement log analysis...
[Sun Apr 19 19:22:55 SAST 2026]    Self-improvement analysis completed
[Sun Apr 19 19:22:55 SAST 2026] 📝 Updating autonomous records...
[Sun Apr 19 19:27:47 SAST 2026] 💓 HEARTBEAT: Hermes Autonomous Mode is healthy
[Sun Apr 19 19:27:55 SAST 2026] 💓 HEARTBEAT: Hermes Autonomous Mode is healthy
[Sun Apr 19 19:32:47 SAST 2026] 💓 HEARTBEAT: Hermes Autonomous Mode is healthy
