[Sun Apr 19 22:50:40 SAST 2026] 🚀 Hermes Autonomous Mode Starting
[Sun Apr 19 22:50:40 SAST 2026] 💓 HEARTBEAT: Hermes Autonomous Mode is healthy
[Sun Apr 19 22:50:40 SAST 2026] 🔄 STARTING AUTONOMOUS DEVELOPMENT CYCLE
[Sun Apr 19 22:50:40 SAST 2026] 📋 Reviewing Roadmap and Todo List...
[Sun Apr 19 22:50:40 SAST 2026] 🔍 Checking for pending tasks...
[Sun Apr 19 22:50:40 SAST 2026]    Found 0 pending tasks
[Sun Apr 19 22:50:40 SAST 2026] ✅ No pending tasks - performing self-improvement activities
[Sun Apr 19 22:50:40 SAST 2026] 🔧 Performing self-improvement log analysis...
Log file not found
[Sun Apr 19 22:50:40 SAST 2026]    Self-improvement analysis completed
[Sun Apr 19 22:50:40 SAST 2026] 📝 Updating autonomous records...
hecking for pending tasks...
[Sun Apr 19 22:50:40 SAST 2026]    Found 0 pending tasks
[Sun Apr 19 22:50:40 SAST 2026] ✅ No pending tasks - performing self-improvement activities
[Sun Apr 19 22:50:40 SAST 2026] 🔧 Performing self-improvement log analysis...
[Sun Apr 19 22:50:40 SAST 2026]    Self-improvement analysis completed
[Sun Apr 19 22:50:40 SAST 2026] 📝 Updating autonomous records...
[Sun Apr 19 22:52:48 SAST 2026] 💓 HEARTBEAT: Hermes Autonomous Mode is healthy
[Sun Apr 19 22:52:48 SAST 2026] 🔄 STARTING AUTONOMOUS DEVELOPMENT CYCLE
[Sun Apr 19 22:52:48 SAST 2026] 📋 Reviewing Roadmap and Todo List...
/home/ubuntu/human-ai/hermes-autonomous.sh: line 76: /home/ubuntu/human-ai/venv/bin/python3: No such file or directory
[Sun Apr 19 22:52:48 SAST 2026] 🔍 Checking for pending tasks...
[Sun Apr 19 22:52:48 SAST 2026]    Found 0 pending tasks
[Sun Apr 19 22:52:48 SAST 2026] ✅ No pending tasks - performing self-improvement activities
[Sun Apr 19 22:52:48 SAST 2026] 🔧 Performing self-improvement log analysis...
[Sun Apr 19 22:52:48 SAST 2026]    Self-improvement analysis completed
[Sun Apr 19 22:52:48 SAST 2026] 📝 Updating autonomous records...
[Sun Apr 19 22:52:57 SAST 2026] 💓 HEARTBEAT: Hermes Autonomous Mode is healthy
[Sun Apr 19 22:52:57 SAST 2026] 🔄 STARTING AUTONOMOUS DEVELOPMENT CYCLE
[Sun Apr 19 22:52:57 SAST 2026] 📋 Reviewing Roadmap and Todo List...
/home/ubuntu/human-ai/hermes-autonomous.sh: line 76: /home/ubuntu/human-ai/venv/bin/python3: No such file or directory
[Sun Apr 19 22:52:57 SAST 2026] 🔍 Checking for pending tasks...
[Sun Apr 19 22:52:57 SAST 2026]    Found 0 pending tasks
[Sun Apr 19 22:52:57 SAST 2026] ✅ No pending tasks - performing self-improvement activities
[Sun Apr 19 22:52:57 SAST 2026] 🔧 Performing self-improvement log analysis...
[Sun Apr 19 22:52:57 SAST 2026]    Self-improvement analysis completed
[Sun Apr 19 22:52:57 SAST 2026] 📝 Updating autonomous records...
[Sun Apr 19 22:55:09 SAST 2026] 🚀 Hermes Autonomous Mode Starting
[Sun Apr 19 22:55:09 SAST 2026] 💓 HEARTBEAT: Hermes Autonomous Mode is healthy
[Sun Apr 19 22:55:09 SAST 2026] 🔄 STARTING AUTONOMOUS DEVELOPMENT CYCLE
[Sun Apr 19 22:55:09 SAST 2026] 📋 Reviewing Roadmap and Todo List...
Todo Status: 28 completed, 1 in progress, 13 pending
Recent pending tasks:
  - swarm-optimizer-skill-1: Create a Swarm Optimizer skill to analyze developm...
  - swarm-health-bot-1: Implement Telegram bot for swarm health monitoring...
  - dify-graphify-bridge-1: Create sync pipeline between Outcome Journal, Dify...
Roadmap: Not found
[Sun Apr 19 22:55:09 SAST 2026] 🔍 Checking for pending tasks...
[Sun Apr 19 22:55:09 SAST 2026]    Found 9 pending tasks
[Sun Apr 19 22:55:09 SAST 2026] ⚡ Executing pending task via Hermes agent...
[Sun Apr 19 22:55:09 SAST 2026]    Task execution completed
[Sun Apr 19 22:55:09 SAST 2026] 📝 Updating autonomous records...
[Sun Apr 19 23:00:09 SAST 2026] 💓 HEARTBEAT: Hermes Autonomous Mode is healthy
[Sun Apr 19 23:05:09 SAST 2026] 💓 HEARTBEAT: Hermes Autonomous Mode is healthy
